0 info it worked if it ends with ok
1 verbose cli [
1 verbose cli   'C:\\Program Files\\nodejs\\node.exe',
1 verbose cli   'C:\\Users\\HP\\AppData\\Roaming\\npm\\node_modules\\npm\\bin\\npm-cli.js',
1 verbose cli   'install',
1 verbose cli   '-g',
1 verbose cli   'npm@latest'
1 verbose cli ]
2 info using npm@3.10.10
3 info using node@v20.17.0
4 silly loadCurrentTree Starting
5 silly install loadCurrentTree
6 silly install readGlobalPackageData
7 silly fetchPackageMetaData npm@latest
8 silly fetchNamedPackageData npm
9 silly mapToRegistry name npm
10 silly mapToRegistry using default registry
11 silly mapToRegistry registry https://registry.npmjs.org/
12 silly mapToRegistry data Result {
12 silly mapToRegistry   raw: 'npm',
12 silly mapToRegistry   scope: null,
12 silly mapToRegistry   escapedName: 'npm',
12 silly mapToRegistry   name: 'npm',
12 silly mapToRegistry   rawSpec: '',
12 silly mapToRegistry   spec: 'latest',
12 silly mapToRegistry   type: 'tag'
12 silly mapToRegistry }
13 silly mapToRegistry uri https://registry.npmjs.org/npm
14 verbose request uri https://registry.npmjs.org/npm
15 verbose request no auth needed
16 info attempt registry request try #1 at 11:00:13 pm
17 verbose request id 58e07e14a61ce5e7
18 verbose etag W/"fc244f6bfa168cf17d539de98fa57190"
19 verbose lastModified Tue, 03 Sep 2024 09:00:24 GMT
20 http request GET https://registry.npmjs.org/npm
21 http 304 https://registry.npmjs.org/npm
22 verbose headers {
22 verbose headers   date: 'Sun, 22 Sep 2024 17:30:15 GMT',
22 verbose headers   connection: 'keep-alive',
22 verbose headers   'cf-ray': '8c740595dd5b857b-BOM',
22 verbose headers   'cf-cache-status': 'HIT',
22 verbose headers   'access-control-allow-origin': '*',
22 verbose headers   'cache-control': 'public, max-age=300',
22 verbose headers   etag: '"fc244f6bfa168cf17d539de98fa57190"',
22 verbose headers   'last-modified': 'Tue, 03 Sep 2024 09:00:24 GMT',
22 verbose headers   vary: 'Accept-Encoding',
22 verbose headers   server: 'cloudflare'
22 verbose headers }
23 silly get cb [
23 silly get   304,
23 silly get   {
23 silly get     date: 'Sun, 22 Sep 2024 17:30:15 GMT',
23 silly get     connection: 'keep-alive',
23 silly get     'cf-ray': '8c740595dd5b857b-BOM',
23 silly get     'cf-cache-status': 'HIT',
23 silly get     'access-control-allow-origin': '*',
23 silly get     'cache-control': 'public, max-age=300',
23 silly get     etag: '"fc244f6bfa168cf17d539de98fa57190"',
23 silly get     'last-modified': 'Tue, 03 Sep 2024 09:00:24 GMT',
23 silly get     vary: 'Accept-Encoding',
23 silly get     server: 'cloudflare'
23 silly get   }
23 silly get ]
24 verbose etag https://registry.npmjs.org/npm from cache
25 verbose get saving npm to C:\Users\HP\AppData\Roaming\npm-cache\registry.npmjs.org\npm\.cache.json
26 verbose correctMkdir C:\Users\HP\AppData\Roaming\npm-cache correctMkdir not in flight; initializing
27 verbose stack TypeError: cb.apply is not a function
27 verbose stack     at C:\Users\HP\AppData\Roaming\npm\node_modules\npm\node_modules\graceful-fs\polyfills.js:267:18
27 verbose stack     at FSReqCallback.oncomplete (node:fs:198:5)
28 verbose cwd C:\Users\HP\Desktop\hardware-heaven\backend
29 error Windows_NT 10.0.22631
30 error argv "C:\\Program Files\\nodejs\\node.exe" "C:\\Users\\HP\\AppData\\Roaming\\npm\\node_modules\\npm\\bin\\npm-cli.js" "install" "-g" "npm@latest"
31 error node v20.17.0
32 error npm  v3.10.10
33 error cb.apply is not a function
34 error If you need help, you may report this error at:
34 error     <https://github.com/npm/npm/issues>
35 verbose exit [ 1, true ]
